<?xml version="1.0" encoding="UTF-8"?>
<testng-results ignored="0" total="1" passed="1" failed="0" skipped="0">
  <reporter-output>
  </reporter-output>
  <suite started-at="2024-08-02T16:09:36 IST" name="Default suite" finished-at="2024-08-02T16:09:39 IST" duration-ms="2732">
    <groups>
    </groups>
    <test started-at="2024-08-02T16:09:36 IST" name="Default test" finished-at="2024-08-02T16:09:39 IST" duration-ms="2732">
      <class name="sample_test">
        <test-method signature="getrequest()[pri:0, instance:sample_test@2a265ea9]" started-at="2024-08-02T16:09:36 IST" name="getrequest" finished-at="2024-08-02T16:09:39 IST" duration-ms="2694" status="PASS">
          <reporter-output>
          </reporter-output>
        </test-method> <!-- getrequest -->
      </class> <!-- sample_test -->
    </test> <!-- Default test -->
  </suite> <!-- Default suite -->
</testng-results>
