<?xml version="1.0" encoding="UTF-8"?>
<testng-results ignored="0" total="1" passed="1" failed="0" skipped="0">
  <reporter-output>
  </reporter-output>
  <suite started-at="2024-08-02T16:07:45 IST" name="Default suite" finished-at="2024-08-02T16:07:48 IST" duration-ms="3166">
    <groups>
    </groups>
    <test started-at="2024-08-02T16:07:45 IST" name="Default test" finished-at="2024-08-02T16:07:48 IST" duration-ms="3166">
      <class name="mavenproject1.getrequest">
        <test-method signature="GetApiTest()[pri:0, instance:mavenproject1.getrequest@3c77d488]" started-at="2024-08-02T16:07:45 IST" name="GetApiTest" finished-at="2024-08-02T16:07:48 IST" duration-ms="3138" status="PASS">
          <reporter-output>
          </reporter-output>
        </test-method> <!-- GetApiTest -->
      </class> <!-- mavenproject1.getrequest -->
    </test> <!-- Default test -->
  </suite> <!-- Default suite -->
</testng-results>
